ď»ż
> vanz@0.1.0 build
> next build

Ă”Ă»â–“ Next.js 16.2.1 (Turbopack)
- Environments: .env.local

node.exe : Ă”ĂśĂˇ The 
"middleware" file 
convention is deprecated. 
Please use "proxy" 
instead. Learn more: https:
//nextjs.org/docs/messages/
middleware-to-proxy
At line:1 char:1
+ & "C:\Program 
Files\nodejs/node.exe" "C:\
Users\user\AppData\Roaming\
n ...
+ ~~~~~~~~~~~~~~~~~~~~~~~~~
~~~~~~~~~~~~~~~~~~~~~~~~~~~
~~~~~~~~~~~~~~~~~
    + CategoryInfo         
     : NotSpecified: (Ă”ĂśĂˇ  
   The "middle...leware-   
 to-proxy:String) [], R    
emoteException
    + FullyQualifiedErrorI 
   d : NativeCommandError
 
  Creating an optimized production build ...
Ă”ÂŁĂ´ Compiled successfully in 19.1s
  Running TypeScript ...
  Finished TypeScript in 23.4s ...
  Collecting page data using 11 workers ...
  Generating static pages using 11 workers (0/15) ...
  Generating static pages using 11 workers (3/15) 
  Generating static pages using 11 workers (7/15) 
  Generating static pages using 11 workers (11/15) 
Ă”ÂŁĂ´ Generating static pages using 11 workers (15/15) in 609ms
  Finalizing page optimization ...

Route (app)
Ă”Ă¶Ă® Ă”ĂąĂŻ /_not-found
Ă”Ă¶ÂŁ ĂŁĂ† /[locale]
Ă”Ă¶ÂŁ Ă”ĂąĂ… /[locale]/[slug]
Ă”Ă¶ÂŁ ĂŁĂ† /[locale]/accord-chauffeur
Ă”Ă¶ÂŁ ĂŁĂ† /[locale]/admin
Ă”Ă¶ÂŁ ĂŁĂ† /[locale]/admin/chauffeurs
Ă”Ă¶ÂŁ ĂŁĂ† /[locale]/admin/disputes
Ă”Ă¶ÂŁ ĂŁĂ† /[locale]/admin/drivers
Ă”Ă¶ÂŁ ĂŁĂ† /[locale]/admin/jobs
Ă”Ă¶ÂŁ ĂŁĂ† /[locale]/admin/login
Ă”Ă¶ÂŁ ĂŁĂ† /[locale]/admin/notifications
Ă”Ă¶ÂŁ ĂŁĂ† /[locale]/admin/promos
Ă”Ă¶ÂŁ ĂŁĂ† /[locale]/admin/system
Ă”Ă¶ÂŁ ĂŁĂ† /[locale]/admin/users
Ă”Ă¶ÂŁ ĂŁĂ† /[locale]/admin/withdrawals
Ă”Ă¶ÂŁ ĂŁĂ† /[locale]/blog
Ă”Ă¶ÂŁ Ă”ĂąĂ… /[locale]/blog/[slug]
Ă”Ă¶ÂŁ ĂŁĂ† /[locale]/chauffeur/dashboard
Ă”Ă¶ÂŁ ĂŁĂ† /[locale]/chauffeur/missions
Ă”Ă¶ÂŁ ĂŁĂ† /[locale]/chauffeur/tracker/[jobId]
Ă”Ă¶ÂŁ ĂŁĂ† /[locale]/conditions-utilisation
Ă”Ă¶ÂŁ ĂŁĂ† /[locale]/cookies
Ă”Ă¶ÂŁ ĂŁĂ† /[locale]/devenir-chauffeur
Ă”Ă¶ÂŁ ĂŁĂ† /[locale]/download
Ă”Ă¶ÂŁ ĂŁĂ† /[locale]/invite/[code]
Ă”Ă¶ÂŁ ĂŁĂ† /[locale]/login
Ă”Ă¶ÂŁ ĂŁĂ† /[locale]/mes-missions
Ă”Ă¶ÂŁ ĂŁĂ† /[locale]/messages
Ă”Ă¶ÂŁ ĂŁĂ† /[locale]/nouveau-job
Ă”Ă¶ÂŁ ĂŁĂ† /[locale]/politique-annulation
Ă”Ă¶ÂŁ ĂŁĂ† /[locale]/politique-confidentialite
Ă”Ă¶ÂŁ ĂŁĂ† /[locale]/profil
Ă”Ă¶ÂŁ ĂŁĂ† /[locale]/profil/invite
Ă”Ă¶ÂŁ ĂŁĂ† /[locale]/signup
Ă”Ă¶ÂŁ ĂŁĂ† /[locale]/suivi/[jobId]
Ă”Ă¶ÂŁ ĂŁĂ† /[locale]/test-login
Ă”Ă¶ÂŁ ĂŁĂ† /api/admin/broadcast
Ă”Ă¶ÂŁ ĂŁĂ† /api/admin/drivers/moderate
Ă”Ă¶ÂŁ ĂŁĂ† /api/admin/moderate
Ă”Ă¶ÂŁ ĂŁĂ† /api/bids/create
Ă”Ă¶ÂŁ ĂŁĂ† /api/dev/force-signup
Ă”Ă¶ÂŁ ĂŁĂ† /api/drivers/signup
Ă”Ă¶ÂŁ ĂŁĂ† /api/jobs/accept
Ă”Ă¶ÂŁ ĂŁĂ† /api/jobs/complete
Ă”Ă¶ÂŁ ĂŁĂ† /api/jobs/payment-method
Ă”Ă¶ÂŁ ĂŁĂ† /api/jobs/update-status
Ă”Ă¶ÂŁ ĂŁĂ† /api/messages
Ă”Ă¶Ă¶ ĂŁĂ† /api/test-e2e


ĂŁĂ† Proxy (Middleware)

Ă”ĂąĂŻ  (Static)   prerendered as static content
Ă”ĂąĂ…  (SSG)      prerendered as static HTML (uses generateStaticParams)
ĂŁĂ†  (Dynamic)  server-rendered on demand


> vanz@0.1.0 postbuild
> next-sitemap

Ă”ÂŁÂż [next-sitemap] Loading next-sitemap config: file:///C:/Users/user/Desktop/vanZ/next-sitemap.config.js
Ă”ÂŁĂ  [next-sitemap] Generation completed
Ă”Ă¶Ă®Ă”Ă¶Ă‡Ă”Ă¶Ă‡Ă”Ă¶Ă‡Ă”Ă¶Ă‡Ă”Ă¶Ă‡Ă”Ă¶Ă‡Ă”Ă¶Ă‡Ă”Ă¶Ă‡Ă”Ă¶Ă‡Ă”Ă¶Ă‡Ă”Ă¶Ă‡Ă”Ă¶Ă‡Ă”Ă¶Ă‡Ă”Ă¶Ă‡Ă”Ă¶Ă‡Ă”Ă¶ÂĽĂ”Ă¶Ă‡Ă”Ă¶Ă‡Ă”Ă¶Ă‡Ă”Ă¶Ă‡Ă”Ă¶Ă‡Ă”Ă¶Ă‡Ă”Ă¶Ă‡Ă”Ă¶Ă‡Ă”Ă¶Ă‰
Ă”Ă¶Ă© (index)       Ă”Ă¶Ă© Values Ă”Ă¶Ă©
Ă”Ă¶ÂŁĂ”Ă¶Ă‡Ă”Ă¶Ă‡Ă”Ă¶Ă‡Ă”Ă¶Ă‡Ă”Ă¶Ă‡Ă”Ă¶Ă‡Ă”Ă¶Ă‡Ă”Ă¶Ă‡Ă”Ă¶Ă‡Ă”Ă¶Ă‡Ă”Ă¶Ă‡Ă”Ă¶Ă‡Ă”Ă¶Ă‡Ă”Ă¶Ă‡Ă”Ă¶Ă‡Ă”Ă¶â•ťĂ”Ă¶Ă‡Ă”Ă¶Ă‡Ă”Ă¶Ă‡Ă”Ă¶Ă‡Ă”Ă¶Ă‡Ă”Ă¶Ă‡Ă”Ă¶Ă‡Ă”Ă¶Ă‡Ă”Ă¶Ă±
Ă”Ă¶Ă© indexSitemaps Ă”Ă¶Ă© 1      Ă”Ă¶Ă©
Ă”Ă¶Ă© sitemaps      Ă”Ă¶Ă© 0      Ă”Ă¶Ă©
Ă”Ă¶Ă¶Ă”Ă¶Ă‡Ă”Ă¶Ă‡Ă”Ă¶Ă‡Ă”Ă¶Ă‡Ă”Ă¶Ă‡Ă”Ă¶Ă‡Ă”Ă¶Ă‡Ă”Ă¶Ă‡Ă”Ă¶Ă‡Ă”Ă¶Ă‡Ă”Ă¶Ă‡Ă”Ă¶Ă‡Ă”Ă¶Ă‡Ă”Ă¶Ă‡Ă”Ă¶Ă‡Ă”Ă¶â”¤Ă”Ă¶Ă‡Ă”Ă¶Ă‡Ă”Ă¶Ă‡Ă”Ă¶Ă‡Ă”Ă¶Ă‡Ă”Ă¶Ă‡Ă”Ă¶Ă‡Ă”Ă¶Ă‡Ă”Ă¶Ăż
-----------------------------------------------------
 SITEMAP INDICES 
-----------------------------------------------------

   Ă”ĂąĂŻ https://vanz.tn/sitemap.xml


